MORRIS 15 Dec 18:16 > 18:38, 00:22 01% Died <TOYS>
HOWARD 16 Dec 18:15 > 18:26, 00:31 04% Died <TOYS>
WILL 17 Dec 13:04 > 13:04, 00:01 02% Died <TOYS>
WILL 17 Dec 13:04 > 13:09, 00:03 01% Quit <TOYS>
RELPH 18 Dec 18:43 > 18:48, 00:12 04% Died <TOYS>
RELPH 18 Dec 18:48 > 18:56, 00:29 05% Died <TOYS>
MORRIS 18 Dec 18:55 > 18:57, 00:03 02% Died <TOYS>
RELPH 18 Dec 18:57 > 18:57, 00:00 00% Quit <TOYS>
MORRIS 18 Dec 18:57 > 18:57, 00:00 00% Quit <TOYS>
MORRIS 18 Dec 18:57 > 18:57, 00:00 00% Quit <TOYS>
MORRIS 18 Dec 18:57 > 18:57, 00:00 00% Quit <TOYS>
MORRIS 18 Dec 18:58 > 18:58, 00:01 02% Died <TOYS>
MORRIS 18 Dec 18:58 > 18:59, 00:01 02% Died <TOYS>
MORRIS 18 Dec 18:59 > 18:59, 00:00 00% Quit <TOYS>
MORRIS 18 Dec 18:59 > 19:00, 00:01 02% Died <TOYS>
MORRIS 18 Dec 19:00 > 19:06, 00:10 02% Died <TOYS>
MORRIS 18 Dec 19:06 > 19:19, 00:21 02% Saved <TOYS>
MORRIS 18 Dec 19:19 > 19:23, 00:05 02% Died <TOYS>
MORRIS 18 Dec 19:23 > 19:23, 00:00 00% Quit <TOYS>
MORRIS 18 Dec 19:23 > 19:23, 00:00 00% Quit <TOYS>
MORRIS 18 Dec 19:23 > 19:24, 00:02 03% Quit <TOYS>
MORRIS 18 Dec 19:24 > 19:33, 00:13 02% Quit <TOYS>
MORRIS 18 Dec 19:33 > 19:36, 00:03 01% Died <TOYS>
CARHART 20 Dec 15:58 > 16:00, 00:01 00% Quit <TOYS>
CARHART 20 Dec 16:04 > 16:06, 00:01 00% Died <TOYS>
RELPH 21 Dec 16:01 > 16:01, 00:00 00% Quit <TOYS>
RELPH 21 Dec 16:02 > 16:12, 00:33 05% Died <TOYS>
RELPH 21 Dec 17:33 > 17:33, 00:03 06% Died <RELPH.ROGUE>
CARHART 21 Dec 20:13 > 20:13, 00:00 00% Quit <TOYS>
CARHART 21 Dec 20:13 > 20:24, 00:06 00% Died <TOYS>
CARHART 21 Dec 20:25 > 20:25, 00:01 03% Quit <TOYS>
CARHART 21 Dec 20:25 > 20:28, 00:02 01% Died <TOYS>
CARHART 21 Dec 20:28 > 20:46, 00:19 01% Died <TOYS>
RELPH 22 Dec 15:35 > 15:37, 00:05 04% Quit <RELPH.ROGUE>
MORRIS 22 Dec 18:02 > 18:03, 00:02 03% Saved <TOYS>
MORRIS 22 Dec 18:03 > 18:04, 00:01 03% Saved <TOYS>
MORRIS 22 Dec 18:09 > 18:09, 00:01 03% Died <TOYS>
RELPH 22 Dec 18:15 > 18:16, 00:05 07% Quit <RELPH.ROGUE>
RELPH 22 Dec 18:17 > 18:17, 00:02 06% Died <RELPH.ROGUE>
RELPH 22 Dec 18:18 > 18:18, 00:01 03% Quit <RELPH.ROGUE>
RELPH 22 Dec 18:24 > 18:25, 00:01 03% Quit <RELPH.ROGUE>
RELPH 23 Dec 10:00 > 10:01, 00:00 00% Quit <RELPH.ROGUE>
RELPH 23 Dec 10:22 > 10:23, 00:04 06% Quit <RELPH.ROGUE>
RELPH 23 Dec 10:50 > 10:51, 00:00 00% Quit <RELPH.ROGUE>
HORNER 23 Dec 11:11 > 11:13, 00:07 05% Quit <TOYS>
RELPH 23 Dec 15:38 > 15:38, 00:00 00% Quit <RELPH.ROGUE>
RELPH 23 Dec 16:08 > 16:12, 00:03 01% Died <RELPH.ROGUE>
RELPH 23 Dec 16:38 > 16:42, 00:07 02% Died <RELPH.ROGUE>
RELPH 23 Dec 17:15 > 17:16, 00:01 06% Quit <RELPH.ROGUE>
RELPH 23 Dec 17:20 > 17:25, 00:09 02% Died <RELPH.ROGUE>
RELPH 23 Dec 17:26 > 17:26, 00:02 04% Died <RELPH.ROGUE>
RELPH 23 Dec 17:26 > 17:33, 00:32 07% Quit <RELPH.ROGUE>
RELPH 23 Dec 17:33 > 17:42, 00:07 01% Quit <RELPH.ROGUE>
RELPH 23 Dec 17:42 > 17:43, 00:03 08% Died <RELPH.ROGUE>
RELPH 23 Dec 17:43 > 17:57, 00:18 02% Quit <RELPH.ROGUE>
RELPH 23 Dec 17:59 > 17:59, 00:02 05% Died <RELPH.ROGUE>
RELPH 23 Dec 17:59 > 18:01, 00:09 08% Quit <RELPH.ROGUE>
RELPH 24 Dec 12:53 > 12:54, 00:03 02% Quit <RELPH.ROGUE>
RELPH 24 Dec 13:10 > 13:26, 00:07 00% Quit <RELPH.ROGUE>
RELPH 24 Dec 13:39 > 13:41, 00:01 01% Quit <RELPH.ROGUE>
RELPH 24 Dec 13:51 > 14:05, 00:02 00% Quit <RELPH.ROGUE>
RELPH 24 Dec 14:06 > 14:15, 00:00 00% Quit <RELPH.ROGUE>
RELPH 24 Dec 14:31 > 14:44, 00:01 00% Quit <RELPH.ROGUE>
RELPH 24 Dec 14:52 > 14:59, 00:02 00% Quit <RELPH.ROGUE>
RELPH 24 Dec 15:55 > 16:04, 00:08 01% Quit <RELPH.ROGUE>
RELPH 24 Dec 16:08 > 16:13, 00:02 00% Quit <RELPH.ROGUE>
RELPH 24 Dec 16:32 > 16:33, 00:05 04% Died <RELPH.ROGUE>
RELPH 24 Dec 17:00 > 17:10, 00:01 00% Quit <RELPH.ROGUE>
RELPH 24 Dec 18:22 > 18:22, 00:00 00% Quit <RELPH.ROGUE>
RELPH 24 Dec 18:24 > 18:28, 00:02 00% Quit <RELPH.ROGUE>
RELPH 24 Dec 18:43 > 18:46, 00:04 02% Quit <RELPH.ROGUE>
MORRIS 29 Dec 21:42 > 22:01, 00:16 01% Died <TOYS>
CARHART 29 Dec 22:28 > 22:40, 00:18 02% Died <TOYS>
CARHART 29 Dec 22:41 > 22:41, 00:01 01% Died <TOYS>
CARHART 29 Dec 22:42 > 22:43, 00:03 03% Died <TOYS>
CARHART 29 Dec 22:44 > 23:02, 00:28 02% Died <TOYS>
MORRIS 29 Dec 22:01 > 23:41, 01:23 01% Saved <TOYS>
MORRIS 30 Dec 20:16 > 20:26, 00:10 01% Died <TOYS>
MORRIS 30 Dec 20:27 > 20:28, 00:01 01% Quit <TOYS>
MORRIS 31 Dec 19:57 > 20:05, 00:01 00% Saved <TOYS>
RELPH 6 Jan 17:35 > 17:37, 00:16 14% Quit <RELPH.ROGUE>
RELPH 6 Jan 17:51 > 17:52, 00:02 03% Quit <RELPH.ROGUE>
RELPH 6 Jan 18:08 > 18:09, 00:01 02% Quit <RELPH.ROGUE>
RELPH 6 Jan 18:13 > 18:16, 00:13 06% Quit <RELPH.ROGUE>
RELPH 6 Jan 18:25 > 18:26, 00:02 06% Died <RELPH.ROGUE>
RELPH 6 Jan 18:26 > 18:26, 00:01 05% Died <RELPH.ROGUE>
RELPH 6 Jan 18:26 > 18:27, 00:04 10% Died <RELPH.ROGUE>
RELPH 6 Jan 18:34 > 18:35, 00:08 10% Quit <RELPH.ROGUE>
RELPH 6 Jan 18:41 > 18:46, 00:28 09% Quit <RELPH.ROGUE>
HOWARD 7 Jan 01:54 > 01:54, 00:01 02% Died <TOYS>
HOWARD 7 Jan 01:55 > 02:04, 00:24 04% Died <TOYS>
RELPH 7 Jan 07:30 > 07:46, 00:23 02% Saved <RELPH.ROGUE>
RELPH 7 Jan 09:42 > 09:46, 00:13 05% Died <RELPH.ROGUE>
RELPH 7 Jan 17:01 > 17:02, 00:00 00% Quit <TOYS>
RELPH 7 Jan 17:02 > 17:22, 00:48 03% Died <TOYS>
WILL 7 Jan 17:46 > 17:46, 00:00 00% Died <TOYS>
HORNER 7 Jan 17:47 > 17:47, 00:01 05% Died <TOYS>
WILL 7 Jan 17:47 > 17:47, 00:01 03% Died <TOYS>
WILL 7 Jan 17:47 > 17:48, 00:01 05% Died <TOYS>
WILL 7 Jan 17:48 > 17:50, 00:08 04% Died <TOYS>
WILL 7 Jan 17:51 > 17:51, 00:01 08% Died <TOYS>
WILL 7 Jan 17:51 > 17:51, 00:00 00% Died <TOYS>
WILL 7 Jan 17:51 > 17:51, 00:01 03% Died <TOYS>
WILL 7 Jan 17:51 > 17:53, 00:03 04% Died <TOYS>
WILL 7 Jan 17:53 > 17:55, 00:02 01% Died <TOYS>
WILL 7 Jan 17:55 > 17:56, 00:02 06% Died <TOYS>
WILL 7 Jan 17:56 > 17:56, 00:01 10% Died <TOYS>
WILL 7 Jan 17:56 > 17:56, 00:01 07% Died <TOYS>
HORNER 7 Jan 17:53 > 17:56, 00:00 00% Quit <TOYS>
HORNER 7 Jan 17:56 > 17:58, 00:06 05% Died <TOYS>
HORNER 7 Jan 17:59 > 17:59, 00:01 10% Died <TOYS>
HORNER 7 Jan 17:59 > 18:00, 00:03 11% Died <TOYS>
HORNER 7 Jan 18:02 > 18:03, 00:02 06% Died <TOYS>
WILL 7 Jan 17:56 > 18:05, 00:26 05% Died <TOYS>
RELPH 8 Jan 17:26 > 17:28, 00:09 06% Died <TOYS>
RELPH 8 Jan 17:29 > 17:29, 00:00 00% Died <TOYS>
RELPH 8 Jan 17:29 > 17:29, 00:01 06% Died <TOYS>
RELPH 8 Jan 17:29 > 17:59, 00:02 00% Died <TOYS>
RELPH 8 Jan 18:00 > 18:00, 00:02 06% Died <TOYS>
RELPH 8 Jan 18:00 > 18:03, 00:03 02% Died <TOYS>
RELPH 8 Jan 18:03 > 18:03, 00:02 06% Died <TOYS>
RELPH 8 Jan 18:03 > 18:45, 01:48 04% Died <TOYS>
CARHART 8 Jan 22:22 > 22:22, 00:00 00% Quit <TOYS>
CARHART 8 Jan 22:22 > 22:23, 00:01 02% Quit <TOYS>
RELPH 9 Jan 12:20 > 12:20, 00:02 03% Quit <RELPH.ROGUE>
RELPH 9 Jan 12:25 > 12:28, 00:04 02% Died <RELPH.ROGUE>
RELPH 9 Jan 12:28 > 12:36, 00:07 01% Died <RELPH.ROGUE>
RELPH 9 Jan 12:56 > 12:58, 00:04 03% Died <TOYS>
MORRIS 9 Jan 20:42 > 20:43, 00:01 01% Saved <TOYS>
MORRIS 9 Jan 20:45 > 20:47, 00:03 02% Saved <TOYS>
MORRIS 9 Jan 20:48 > 20:51, 00:03 01% Saved <TOYS>
MORRIS 9 Jan 20:51 > 21:07, 00:19 02% Quit <TOYS>
RELPH 10 Jan 00:06 > 01:22, 01:50 02% Quit <TOYS>
RELPH 10 Jan 01:23 > 01:23, 00:00 00% Quit <TOYS>
CARHART 10 Jan 15:20 > 15:20, 00:00 00% Quit <TOYS>
CARHART 10 Jan 15:21 > 15:23, 00:01 00% Died <TOYS>
CARHART 10 Jan 15:26 > 15:35, 00:02 00% Died <TOYS>
CARHART 10 Jan 15:38 > 15:38, 00:00 00% Quit <TOYS>
CARHART 10 Jan 15:55 > 16:00, 00:00 00% Quit <TOYS>
CARHART 10 Jan 16:01 > 16:17, 00:25 02% Died <TOYS>
RELPH 10 Jan 10:48 > 17:19, 00:35 00% Saved <TOYS>
CARHART 10 Jan 18:31 > 18:32, 00:03 02% Died <TOYS>
CARHART 10 Jan 18:33 > 18:44, 00:17 02% Died <TOYS>
RELPH 10 Jan 19:05 > 19:11, 00:16 04% Died <TOYS>
RELPH 10 Jan 19:25 > 19:43, 00:29 02% Died <TOYS>
RELPH 11 Jan 15:16 > 15:18, 00:06 06% Died <TOYS>
RELPH 11 Jan 15:22 > 15:36, 00:50 06% Died <TOYS>
CARHART 15 Jan 21:23 > 21:24, 00:02 02% Died <TOYS>
CARHART 15 Jan 21:24 > 21:30, 00:08 02% Died <TOYS>
CARHART 16 Jan 16:56 > 16:57, 00:02 03% Died <TOYS>
MORRIS 16 Jan 22:09 > 22:50, 00:36 01% Died <TOYS>
MORRIS 16 Jan 22:50 > 22:51, 00:01 01% Quit <TOYS>
MORRIS 16 Jan 22:52 > 22:55, 00:02 01% Died <TOYS>
MORRIS 16 Jan 22:55 > 23:38, 00:42 01% Died <TOYS>
MORRIS 18 Jan 19:20 > 19:25, 00:05 01% Died <TOYS>
MORRIS 18 Jan 19:26 > 19:38, 00:19 02% Quit <TOYS>
WILL 19 Jan 18:04 > 18:05, 00:03 04% Died <TOYS>
WILL 19 Jan 18:06 > 18:08, 00:06 04% Died <TOYS>
WILL 19 Jan 18:15 > 18:15, 00:01 02% Died <TOYS>
WILL 19 Jan 18:16 > 18:17, 00:01 03% Died <TOYS>
CARHART 24 Jan 16:24 > 16:27, 00:04 02% Died <TOYS>
CARHART 24 Jan 16:27 > 16:28, 00:00 00% Quit <TOYS>
CARHART 24 Jan 18:07 > 18:07, 00:01 02% Died <TOYS>
CARHART 26 Jan 20:22 > 20:34, 00:22 02% Died <TOYS>
CARHART 26 Jan 20:41 > 20:42, 00:01 02% Died <TOYS>
CARHART 26 Jan 20:43 > 20:44, 00:01 01% Died <TOYS>
CARHART 26 Jan 20:45 > 20:49, 00:09 03% Died <TOYS>
CARHART 26 Jan 20:50 > 20:52, 00:03 01% Died <TOYS>
CARHART 26 Jan 20:55 > 20:55, 00:01 02% Died <TOYS>
CARHART 26 Jan 20:56 > 20:56, 00:01 03% Died <TOYS>
CARHART 26 Jan 20:57 > 20:58, 00:00 00% Quit <TOYS>
CARHART 26 Jan 20:59 > 21:00, 00:02 02% Died <TOYS>
MORRIS 27 Jan 21:33 > 21:57, 00:22 01% Saved <TOYS>
MORRIS 29 Jan 19:35 > 19:51, 00:20 01% Died <TOYS>
WILL 4 Feb 16:35 > 16:35, 00:01 04% Died <TOYS>
WILL 4 Feb 16:35 > 16:43, 00:23 05% Saved <TOYS>
MORRIS 7 Feb 22:04 > 22:36, 00:31 01% Died <TOYS>
MORRIS 7 Feb 22:36 > 22:38, 00:01 01% Died <TOYS>
MORRIS 7 Feb 22:38 > 23:04, 00:27 01% Saved <TOYS>
WILL 9 Feb 15:22 > 15:37, 00:02 00% Died <TOYS>
WILL 9 Feb 15:37 > 15:39, 00:07 05% Died <TOYS>
WILL 11 Feb 15:17 > 15:21, 00:10 05% Quit <TOYS>
WILL 12 Feb 12:05 > 12:07, 00:04 03% Died <TOYS>
WILL 12 Feb 12:08 > 12:09, 00:04 06% Died <TOYS>
HORNER 12 Feb 16:54 > 16:54, 00:01 03% Died <TOYS>
WILL 13 Feb 20:35 > 20:47, 00:06 00% Quit <TOYS>
WILL 13 Feb 21:10 > 21:10, 00:00 00% Quit <TOYS>
WILL 13 Feb 21:11 > 21:20, 00:19 03% Quit <TOYS>
CARHART 20 Feb 18:27 > 18:30, 00:01 00% Quit <TOYS>
CARHART 20 Feb 18:34 > 18:35, 00:01 03% Quit <TOYS>
MORRIS 20 Feb 23:08 > 23:33, 00:19 01% Died <TOYS>
MORRIS 20 Feb 23:33 > 23:37, 00:02 00% Died <TOYS>
MORRIS 20 Feb 23:37 > 23:44, 00:07 01% Died <TOYS>
MORRIS 21 Feb 20:07 > 21:05, 00:47 01% Died <TOYS>
HOWARD 22 Feb 18:06 > 18:07, 00:00 00% Quit <TOYS>
MORRIS 27 Feb 17:49 > 18:01, 00:13 01% Saved <TOYS>
MORRIS 28 Feb 15:16 > 15:57, 00:36 01% Saved <TOYS>
MORRIS 28 Feb 23:53 > 29 Feb 00:01, 00:07 01% Died <TOYS>
MORRIS 3 Mar 22:04 > 22:32, 00:25 01% Quit <TOYS>
MORRIS 7 Mar 22:55 > 23:01, 00:06 01% Saved <TOYS>
MORRIS 7 Mar 23:08 > 23:12, 00:02 00% Saved <TOYS>
MORRIS 7 Mar 23:13 > 23:14, 00:01 01% Died <TOYS>
RELPH 8 Mar 17:46 > 17:46, 00:00 00% Quit <TOYS>
MORRIS 10 Mar 20:04 > 20:04, 00:01 01% Died <TOYS>
MORRIS 10 Mar 23:18 > 23:48, 00:30 01% Saved <TOYS>
MORRIS 11 Mar 22:40 > 23:16, 00:32 01% Died <TOYS>
MORRIS 13 Mar 18:52 > 19:18, 00:27 01% Died <TOYS>
MORRIS 13 Mar 19:21 > 19:28, 00:07 01% Died <TOYS>
MORRIS 13 Mar 19:29 > 19:31, 00:02 01% Quit <TOYS>
MORRIS 13 Mar 19:31 > 19:42, 00:11 01% Quit <TOYS>
MORRIS 16 Mar 00:02 > 00:32, 00:27 01% Died <TOYS>
MORRIS 16 Mar 22:43 > 22:47, 00:04 01% Saved <TOYS>
MORRIS 16 Mar 22:47 > 22:50, 00:02 01% Saved <TOYS>
MORRIS 16 Mar 22:50 > 22:51, 00:01 01% Died <TOYS>
MORRIS 19 Mar 21:18 > 23:10, 01:35 01% Died <TOYS>
MORRIS 27 Mar 23:44 > 23:48, 00:04 01% Died <TOYS>
MORRIS 27 Mar 23:48 > 23:49, 00:01 01% Died <TOYS>
MORRIS 27 Mar 23:49 > 23:55, 00:07 01% Died <TOYS>
MORRIS 27 Mar 23:55 > 28 Mar 00:00, 00:04 01% Died <TOYS>
MORRIS 28 Mar 00:00 > 00:06, 00:06 01% Died <TOYS>
MORRIS 28 Mar 00:07 > 00:08, 00:01 03% Saved <TOYS>
MORRIS 28 Mar 00:08 > 00:09, 00:02 02% Saved <TOYS>
MORRIS 28 Mar 00:10 > 00:12, 00:03 02% Saved <TOYS>
MORRIS 28 Mar 00:12 > 00:13, 00:02 02% Saved <TOYS>
MORRIS 28 Mar 22:28 > 23:01, 00:32 01% Saved <TOYS>
MORRIS 30 Mar 19:54 > 20:04, 00:12 01% Saved <TOYS>
MORRIS 1 Apr 20:33 > 20:47, 00:12 01% Saved <TOYS>
MORRIS 2 Apr 17:22 > 17:56, 00:23 01% Died <TOYS>
MORRIS 16 Apr 19:34 > 19:57, 00:23 01% Saved <TOYS>
MORRIS 17 Apr 19:26 > 19:43, 00:15 01% Died <TOYS>
MORRIS 25 Apr 20:40 > 21:26, 00:37 01% Saved <TOYS>
MORRIS 29 Apr 17:15 > 17:41, 00:34 02% Died <TOYS>
MORRIS 29 Apr 17:41 > 17:42, 00:01 02% Died <TOYS>
MORRIS 29 Apr 17:42 > 17:53, 00:18 02% Quit <TOYS>
MORRIS 10 May 22:07 > 22:08, 00:02 02% Died <TOYS>
MORRIS 10 May 22:08 > 22:13, 00:05 01% Died <TOYS>
MORRIS 28 May 16:25 > 16:31, 00:06 01% Quit <TOYS>
RELPH 5 Jun 20:31 > 20:32, 00:01 02% Died <TOYS>
MORRIS 5 Jun 21:57 > 22:13, 00:16 01% Quit <TOYS>
MORRIS 5 Jun 22:14 > 22:16, 00:01 01% Quit <TOYS>
MORRIS 24 Jul 21:04 > 21:10, 00:05 01% Saved <TOYS>
MORRIS 31 Jul 20:33 > 20:42, 00:14 02% Died <TOYS>
MORRIS 13 Aug 20:01 > 20:04, 00:01 00% Quit <TOYS>
RHERBERMAN.TRUCCO 2 Sep 13:07 > 13:10, 00:01 00% Died <TOYS>
MORRIS 11 Sep 19:51 > 20:19, 00:26 01% Saved <TOYS>
MORRIS 9 Oct 12:44 > 12:55, 00:11 01% Saved <TOYS>
MORRIS 23 Oct 16:11 > 16:23, 00:13 01% Died <TOYS>
MORRIS 24 Nov 19:39 > 19:42, 00:04 02% Died <TOYS>
MORRIS 24 Nov 19:42 > 19:54, 00:13 01% Died <TOYS>
MORRIS 27 Nov 18:17 > 18:49, 00:48 02% Died <TOYS>
MORRIS 11 Dec 17:44 > 17:49, 00:09 02% Died <TOYS>
MORRIS 11 Dec 17:50 > 17:50, 00:02 08% Saved <TOYS>
MORRIS 18 Dec 22:28 > 22:33, 00:07 02% Died <TOYS>
MORRIS 18 Dec 22:34 > 22:34, 00:00 00% Died <TOYS>
MORRIS 18 Dec 22:34 > 22:45, 00:13 01% Died <TOYS>
MORRIS 18 Dec 22:45 > 23:06, 00:24 01% Died <TOYS>
MORRIS 24 Dec 22:40 > 22:43, 00:04 01% Quit <TOYS>
MORRIS 24 Dec 22:43 > 23:02, 00:23 02% Died <TOYS>
MORRIS 26 Dec 17:19 > 17:24, 00:04 01% Died <TOYS>
MORRIS 26 Dec 17:24 > 17:25, 00:02 03% Died <TOYS>
MORRIS 26 Dec 17:25 > 17:25, 00:01 02% Died <TOYS>
MORRIS 26 Dec 17:26 > 18:32, 01:12 01% Saved <TOYS>
MORRIS 28 Dec 21:01 > 21:08, 00:07 01% Saved <TOYS>
MORRIS 2 Jan 21:03 > 21:35, 00:27 01% Died <TOYS>
MORRIS 14 Jan 00:42 > 00:47, 00:06 02% Died <TOYS>
MORRIS 14 Jan 00:47 > 01:05, 00:22 02% Died <TOYS>
MORRIS 16 Jan 20:42 > 20:46, 00:04 01% Died <TOYS>
MORRIS 29 Jan 15:32 > 15:34, 00:04 03% Died <TOYS>
MORRIS 29 Jan 15:35 > 15:37, 00:04 03% Died <TOYS>
MORRIS 29 Jan 15:37 > 15:38, 00:01 03% Died <TOYS>
MORRIS 29 Jan 15:38 > 15:50, 00:22 02% Saved <TOYS>
MORRIS 30 Jan 23:09 > 23:15, 00:07 01% Died <TOYS>
MORRIS 30 Jan 23:15 > 23:17, 00:02 02% Died <TOYS>
MORRIS 30 Jan 23:17 > 23:54, 00:36 01% Died <TOYS>
MORRIS 12 Feb 23:53 > 23:55, 00:02 01% Died <TOYS>
MORRIS 12 Feb 23:55 > 13 Feb 00:05, 00:15 02% Died <TOYS>
MORRIS 13 Feb 23:05 > 23:16, 00:12 01% Died <TOYS>
MORRIS 13 Feb 23:16 > 23:39, 00:27 01% Died <TOYS>
MORRIS 16 Feb 22:28 > 23:20, 00:50 01% Saved <TOYS>
MORRIS 18 Feb 13:57 > 14:07, 00:08 01% Died <TOYS>
MORRIS 16 Apr 00:13 > 00:16, 00:03 02% Died <TOYS>
MORRIS 16 Apr 00:16 > 00:30, 00:17 01% Died <TOYS>
MORRIS 16 Apr 00:30 > 00:59, 00:33 01% Saved <TOYS>
MORRIS 16 Apr 23:13 > 23:21, 00:08 01% Saved <TOYS>
MORRIS 19 Apr 22:48 > 23:09, 00:17 01% Saved <TOYS>
MORRIS 22 Apr 20:19 > 20:51, 00:28 01% Saved <TOYS>
MORRIS 23 Apr 13:31 > 13:59, 00:31 01% Died <TOYS>
MORRIS 4 Jun 00:01 > 00:20, 00:21 01% Died <TOYS>
MORRIS 4 Jun 00:20 > 00:22, 00:01 01% Died <TOYS>
MORRIS 6 Aug 22:05 > 22:32, 00:27 01% Saved <TOYS>
MORRIS 13 Aug 20:21 > 21:03, 00:37 01% Saved <TOYS>
MORRIS 15 Aug 23:17 > 23:29, 00:09 01% Died <TOYS>
MORRIS 2 Sep 18:41 > 19:01, 00:22 01% Died <TOYS>
MORRIS 3 Sep 20:24 > 20:30, 00:01 00% Died <TOYS>
MORRIS 3 Sep 20:30 > 20:49, 00:21 01% Saved <TOYS>
MORRIS 3 Sep 20:52 > 20:58, 00:07 02% Saved <TOYS>
MORRIS 3 Sep 21:49 > 22:25, 00:37 01% Saved <TOYS>
MORRIS 5 Sep 00:20 > 00:43, 00:21 01% Saved <TOYS>
